# JRE version: Java(TM) SE Runtime Environment (8.0_311-b11) (build 1.8.0_311-b11)
# Java VM: Java HotSpot(TM) 64-Bit Server VM (25.311-b11 mixed mode bsd-amd64 compressed oops)
Heap:
 PSYoungGen      total 1189888K, used 350912K [0x0000000757d80000, 0x00000007ba580000, 0x00000007c0000000)
  eden space 1187328K, 29% used [0x0000000757d80000,0x000000076d230160,0x00000007a0500000)
  from space 2560K, 80% used [0x00000007ba300000,0x00000007ba500010,0x00000007ba580000)
  to   space 19968K, 0% used [0x00000007b7e80000,0x00000007b7e80000,0x00000007b9200000)
 ParOldGen       total 652288K, used 239541K [0x0000000687800000, 0x00000006af500000, 0x0000000757d80000)
  object space 652288K, 36% used [0x0000000687800000,0x00000006961ed7a0,0x00000006af500000)
 Metaspace       used 42610K, capacity 46014K, committed 46208K, reserved 1091584K
  class space    used 4372K, capacity 4922K, committed 4992K, reserved 1048576K
GC Heap History (10 events):
Event: 66271.034 GC heap before
{Heap before GC invocations=27 (full 5):
 PSYoungGen      total 1461248K, used 1461152K [0x0000000757d80000, 0x00000007be500000, 0x00000007c0000000)
  eden space 1459200K, 100% used [0x0000000757d80000,0x00000007b0e80000,0x00000007b0e80000)
  from space 2048K, 95% used [0x00000007bb680000,0x00000007bb868010,0x00000007bb880000)
  to   space 24576K, 0% used [0x00000007bcd00000,0x00000007bcd00000,0x00000007be500000)
 ParOldGen       total 652288K, used 239517K [0x0000000687800000, 0x00000006af500000, 0x0000000757d80000)
  object space 652288K, 36% used [0x0000000687800000,0x00000006961e77a0,0x00000006af500000)
 Metaspace       used 37099K, capacity 40084K, committed 40320K, reserved 1085440K
  class space    used 4147K, capacity 4647K, committed 4736K, reserved 1048576K
Event: 66271.039 GC heap after
Heap after GC invocations=27 (full 5):
 PSYoungGen      total 1401344K, used 1888K [0x0000000757d80000, 0x00000007bcf00000, 0x00000007c0000000)
  eden space 1399296K, 0% used [0x0000000757d80000,0x0000000757d80000,0x00000007ad400000)
  from space 2048K, 92% used [0x00000007bcd00000,0x00000007bced8010,0x00000007bcf00000)
  to   space 23552K, 0% used [0x00000007ba100000,0x00000007ba100000,0x00000007bb800000)
 ParOldGen       total 652288K, used 239525K [0x0000000687800000, 0x00000006af500000, 0x0000000757d80000)
  object space 652288K, 36% used [0x0000000687800000,0x00000006961e97a0,0x00000006af500000)
 Metaspace       used 37099K, capacity 40084K, committed 40320K, reserved 1085440K
  class space    used 4147K, capacity 4647K, committed 4736K, reserved 1048576K
}
Event: 77012.617 GC heap before
{Heap before GC invocations=28 (full 5):
 PSYoungGen      total 1401344K, used 1401184K [0x0000000757d80000, 0x00000007bcf00000, 0x00000007c0000000)
  eden space 1399296K, 100% used [0x0000000757d80000,0x00000007ad400000,0x00000007ad400000)
  from space 2048K, 92% used [0x00000007bcd00000,0x00000007bced8010,0x00000007bcf00000)
  to   space 23552K, 0% used [0x00000007ba100000,0x00000007ba100000,0x00000007bb800000)
 ParOldGen       total 652288K, used 239525K [0x0000000687800000, 0x00000006af500000, 0x0000000757d80000)
  object space 652288K, 36% used [0x0000000687800000,0x00000006961e97a0,0x00000006af500000)
 Metaspace       used 38430K, capacity 41480K, committed 41600K, reserved 1085440K
  class space    used 4203K, capacity 4709K, committed 4736K, reserved 1048576K
Event: 77012.622 GC heap after
Heap after GC invocations=28 (full 5):
 PSYoungGen      total 1344512K, used 1952K [0x0000000757d80000, 0x00000007bcd80000, 0x00000007c0000000)
  eden space 1342464K, 0% used [0x0000000757d80000,0x0000000757d80000,0x00000007a9c80000)
  from space 2048K, 95% used [0x00000007ba100000,0x00000007ba2e8010,0x00000007ba300000)
  to   space 23040K, 0% used [0x00000007bb700000,0x00000007bb700000,0x00000007bcd80000)
 ParOldGen       total 652288K, used 239533K [0x0000000687800000, 0x00000006af500000, 0x0000000757d80000)
  object space 652288K, 36% used [0x0000000687800000,0x00000006961eb7a0,0x00000006af500000)
 Metaspace       used 38430K, capacity 41480K, committed 41600K, reserved 1085440K
  class space    used 4203K, capacity 4709K, committed 4736K, reserved 1048576K
}
Event: 78008.550 GC heap before
{Heap before GC invocations=29 (full 5):
 PSYoungGen      total 1344512K, used 1344416K [0x0000000757d80000, 0x00000007bcd80000, 0x00000007c0000000)
  eden space 1342464K, 100% used [0x0000000757d80000,0x00000007a9c80000,0x00000007a9c80000)
  from space 2048K, 95% used [0x00000007ba100000,0x00000007ba2e8010,0x00000007ba300000)
  to   space 23040K, 0% used [0x00000007bb700000,0x00000007bb700000,0x00000007bcd80000)
 ParOldGen       total 652288K, used 239533K [0x0000000687800000, 0x00000006af500000, 0x0000000757d80000)
  object space 652288K, 36% used [0x0000000687800000,0x00000006961eb7a0,0x00000006af500000)
 Metaspace       used 39396K, capacity 42538K, committed 42752K, reserved 1087488K
  class space    used 4244K, capacity 4768K, committed 4864K, reserved 1048576K
Event: 78008.556 GC heap after
Heap after GC invocations=29 (full 5):
 PSYoungGen      total 1290752K, used 2080K [0x0000000757d80000, 0x00000007bb980000, 0x00000007c0000000)
  eden space 1288192K, 0% used [0x0000000757d80000,0x0000000757d80000,0x00000007a6780000)
  from space 2560K, 81% used [0x00000007bb700000,0x00000007bb908010,0x00000007bb980000)
  to   space 22016K, 0% used [0x00000007b8e80000,0x00000007b8e80000,0x00000007ba400000)
 ParOldGen       total 652288K, used 239541K [0x0000000687800000, 0x00000006af500000, 0x0000000757d80000)
  object space 652288K, 36% used [0x0000000687800000,0x00000006961ed7a0,0x00000006af500000)
 Metaspace       used 39396K, capacity 42538K, committed 42752K, reserved 1087488K
  class space    used 4244K, capacity 4768K, committed 4864K, reserved 1048576K
}
Event: 79046.751 GC heap before
{Heap before GC invocations=30 (full 5):
 PSYoungGen      total 1290752K, used 1290272K [0x0000000757d80000, 0x00000007bb980000, 0x00000007c0000000)
  eden space 1288192K, 100% used [0x0000000757d80000,0x00000007a6780000,0x00000007a6780000)
  from space 2560K, 81% used [0x00000007bb700000,0x00000007bb908010,0x00000007bb980000)
  to   space 22016K, 0% used [0x00000007b8e80000,0x00000007b8e80000,0x00000007ba400000)
 ParOldGen       total 652288K, used 239541K [0x0000000687800000, 0x00000006af500000, 0x0000000757d80000)
  object space 652288K, 36% used [0x0000000687800000,0x00000006961ed7a0,0x00000006af500000)
 Metaspace       used 40727K, capacity 43958K, committed 44032K, reserved 1089536K
  class space    used 4299K, capacity 4830K, committed 4864K, reserved 1048576K
Event: 79046.756 GC heap after
Heap after GC invocations=30 (full 5):
 PSYoungGen      total 1239040K, used 2080K [0x0000000757d80000, 0x00000007bb780000, 0x00000007c0000000)
  eden space 1236480K, 0% used [0x0000000757d80000,0x0000000757d80000,0x00000007a3500000)
  from space 2560K, 81% used [0x00000007b8e80000,0x00000007b9088010,0x00000007b9100000)
  to   space 20992K, 0% used [0x00000007ba300000,0x00000007ba300000,0x00000007bb780000)
 ParOldGen       total 652288K, used 239541K [0x0000000687800000, 0x00000006af500000, 0x0000000757d80000)
  object space 652288K, 36% used [0x0000000687800000,0x00000006961ed7a0,0x00000006af500000)
 Metaspace       used 40727K, capacity 43958K, committed 44032K, reserved 1089536K
  class space    used 4299K, capacity 4830K, committed 4864K, reserved 1048576K
}
Event: 136628.615 GC heap before
{Heap before GC invocations=31 (full 5):
 PSYoungGen      total 1239040K, used 1238560K [0x0000000757d80000, 0x00000007bb780000, 0x00000007c0000000)
  eden space 1236480K, 100% used [0x0000000757d80000,0x00000007a3500000,0x00000007a3500000)
  from space 2560K, 81% used [0x00000007b8e80000,0x00000007b9088010,0x00000007b9100000)
  to   space 20992K, 0% used [0x00000007ba300000,0x00000007ba300000,0x00000007bb780000)
 ParOldGen       total 652288K, used 239541K [0x0000000687800000, 0x00000006af500000, 0x0000000757d80000)
  object space 652288K, 36% used [0x0000000687800000,0x00000006961ed7a0,0x00000006af500000)
 Metaspace       used 41961K, capacity 45256K, committed 45440K, reserved 1089536K
  class space    used 4350K, capacity 4885K, committed 4992K, reserved 1048576K
Event: 136628.620 GC heap after
Heap after GC invocations=31 (full 5):
 PSYoungGen      total 1189888K, used 2048K [0x0000000757d80000, 0x00000007ba580000, 0x00000007c0000000)
  eden space 1187328K, 0% used [0x0000000757d80000,0x0000000757d80000,0x00000007a0500000)
  from space 2560K, 80% used [0x00000007ba300000,0x00000007ba500010,0x00000007ba580000)
  to   space 19968K, 0% used [0x00000007b7e80000,0x00000007b7e80000,0x00000007b9200000)
 ParOldGen       total 652288K, used 239541K [0x0000000687800000, 0x00000006af500000, 0x0000000757d80000)
  object space 652288K, 36% used [0x0000000687800000,0x00000006961ed7a0,0x00000006af500000)
 Metaspace       used 41961K, capacity 45256K, committed 45440K, reserved 1089536K
  class space    used 4350K, capacity 4885K, committed 4992K, reserved 1048576K
}

