# JRE version: Java(TM) SE Runtime Environment (8.0_311-b11) (build 1.8.0_311-b11)
# Java VM: Java HotSpot(TM) 64-Bit Server VM (25.311-b11 mixed mode bsd-amd64 compressed oops)
Heap:
 PSYoungGen      total 1154560K, used 240720K [0x0000000757d80000, 0x00000007bd800000, 0x00000007c0000000)
  eden space 1053184K, 20% used [0x0000000757d80000,0x0000000764d3cce8,0x0000000798200000)
  from space 101376K, 27% used [0x0000000798200000,0x0000000799d573e8,0x000000079e500000)
  to   space 96256K, 0% used [0x00000007b7a00000,0x00000007b7a00000,0x00000007bd800000)
 ParOldGen       total 321536K, used 67527K [0x0000000687800000, 0x000000069b200000, 0x0000000757d80000)
  object space 321536K, 21% used [0x0000000687800000,0x000000068b9f1d98,0x000000069b200000)
 Metaspace       used 27379K, capacity 29394K, committed 29440K, reserved 1075200K
  class space    used 3714K, capacity 4090K, committed 4096K, reserved 1048576K
GC Heap History (10 events):
Event: 73.760 GC heap before
{Heap before GC invocations=9 (full 1):
 PSYoungGen      total 482816K, used 452608K [0x0000000757d80000, 0x0000000792a80000, 0x00000007c0000000)
  eden space 452608K, 100% used [0x0000000757d80000,0x0000000773780000,0x0000000773780000)
  from space 30208K, 0% used [0x0000000773780000,0x0000000773780000,0x0000000775500000)
  to   space 29184K, 0% used [0x0000000790e00000,0x0000000790e00000,0x0000000792a80000)
 ParOldGen       total 183808K, used 30705K [0x0000000687800000, 0x0000000692b80000, 0x0000000757d80000)
  object space 183808K, 16% used [0x0000000687800000,0x00000006895fc738,0x0000000692b80000)
 Metaspace       used 26308K, capacity 28232K, committed 28416K, reserved 1073152K
  class space    used 3686K, capacity 4035K, committed 4096K, reserved 1048576K
Event: 73.816 GC heap after
Heap after GC invocations=9 (full 1):
 PSYoungGen      total 776192K, used 21630K [0x0000000757d80000, 0x0000000792380000, 0x00000007c0000000)
  eden space 754176K, 0% used [0x0000000757d80000,0x0000000757d80000,0x0000000785e00000)
  from space 22016K, 98% used [0x0000000790e00000,0x000000079231fba0,0x0000000792380000)
  to   space 29696K, 0% used [0x000000078e980000,0x000000078e980000,0x0000000790680000)
 ParOldGen       total 183808K, used 30713K [0x0000000687800000, 0x0000000692b80000, 0x0000000757d80000)
  object space 183808K, 16% used [0x0000000687800000,0x00000006895fe738,0x0000000692b80000)
 Metaspace       used 26308K, capacity 28232K, committed 28416K, reserved 1073152K
  class space    used 3686K, capacity 4035K, committed 4096K, reserved 1048576K
}
Event: 82.362 GC heap before
{Heap before GC invocations=10 (full 1):
 PSYoungGen      total 776192K, used 775806K [0x0000000757d80000, 0x0000000792380000, 0x00000007c0000000)
  eden space 754176K, 100% used [0x0000000757d80000,0x0000000785e00000,0x0000000785e00000)
  from space 22016K, 98% used [0x0000000790e00000,0x000000079231fba0,0x0000000792380000)
  to   space 29696K, 0% used [0x000000078e980000,0x000000078e980000,0x0000000790680000)
 ParOldGen       total 183808K, used 30713K [0x0000000687800000, 0x0000000692b80000, 0x0000000757d80000)
  object space 183808K, 16% used [0x0000000687800000,0x00000006895fe768,0x0000000692b80000)
 Metaspace       used 26691K, capacity 28588K, committed 28672K, reserved 1073152K
  class space    used 3688K, capacity 4035K, committed 4096K, reserved 1048576K
Event: 82.749 GC heap after
Heap after GC invocations=10 (full 1):
 PSYoungGen      total 926720K, used 29671K [0x0000000757d80000, 0x00000007a4b00000, 0x00000007c0000000)
  eden space 897024K, 0% used [0x0000000757d80000,0x0000000757d80000,0x000000078e980000)
  from space 29696K, 99% used [0x000000078e980000,0x0000000790679c90,0x0000000790680000)
  to   space 104448K, 0% used [0x000000079e500000,0x000000079e500000,0x00000007a4b00000)
 ParOldGen       total 206336K, used 205777K [0x0000000687800000, 0x0000000694180000, 0x0000000757d80000)
  object space 206336K, 99% used [0x0000000687800000,0x00000006940f4768,0x0000000694180000)
 Metaspace       used 26691K, capacity 28588K, committed 28672K, reserved 1073152K
  class space    used 3688K, capacity 4035K, committed 4096K, reserved 1048576K
}
Event: 82.749 GC heap before
{Heap before GC invocations=11 (full 2):
 PSYoungGen      total 926720K, used 29671K [0x0000000757d80000, 0x00000007a4b00000, 0x00000007c0000000)
  eden space 897024K, 0% used [0x0000000757d80000,0x0000000757d80000,0x000000078e980000)
  from space 29696K, 99% used [0x000000078e980000,0x0000000790679c90,0x0000000790680000)
  to   space 104448K, 0% used [0x000000079e500000,0x000000079e500000,0x00000007a4b00000)
 ParOldGen       total 206336K, used 205777K [0x0000000687800000, 0x0000000694180000, 0x0000000757d80000)
  object space 206336K, 99% used [0x0000000687800000,0x00000006940f4768,0x0000000694180000)
 Metaspace       used 26691K, capacity 28588K, committed 28672K, reserved 1073152K
  class space    used 3688K, capacity 4035K, committed 4096K, reserved 1048576K
Event: 82.952 GC heap after
Heap after GC invocations=11 (full 2):
 PSYoungGen      total 926720K, used 0K [0x0000000757d80000, 0x00000007a4b00000, 0x00000007c0000000)
  eden space 897024K, 0% used [0x0000000757d80000,0x0000000757d80000,0x000000078e980000)
  from space 29696K, 0% used [0x000000078e980000,0x000000078e980000,0x0000000790680000)
  to   space 104448K, 0% used [0x000000079e500000,0x000000079e500000,0x00000007a4b00000)
 ParOldGen       total 321536K, used 65735K [0x0000000687800000, 0x000000069b200000, 0x0000000757d80000)
  object space 321536K, 20% used [0x0000000687800000,0x000000068b831eb8,0x000000069b200000)
 Metaspace       used 26691K, capacity 28588K, committed 28672K, reserved 1073152K
  class space    used 3688K, capacity 4035K, committed 4096K, reserved 1048576K
}
Event: 125.086 GC heap before
{Heap before GC invocations=12 (full 2):
 PSYoungGen      total 926720K, used 897024K [0x0000000757d80000, 0x00000007a4b00000, 0x00000007c0000000)
  eden space 897024K, 100% used [0x0000000757d80000,0x000000078e980000,0x000000078e980000)
  from space 29696K, 0% used [0x000000078e980000,0x000000078e980000,0x0000000790680000)
  to   space 104448K, 0% used [0x000000079e500000,0x000000079e500000,0x00000007a4b00000)
 ParOldGen       total 321536K, used 65737K [0x0000000687800000, 0x000000069b200000, 0x0000000757d80000)
  object space 321536K, 20% used [0x0000000687800000,0x000000068b832558,0x000000069b200000)
 Metaspace       used 27017K, capacity 28958K, committed 29184K, reserved 1075200K
  class space    used 3695K, capacity 4044K, committed 4096K, reserved 1048576K
Event: 125.172 GC heap after
Heap after GC invocations=12 (full 2):
 PSYoungGen      total 1157632K, used 15456K [0x0000000757d80000, 0x00000007b2c80000, 0x00000007c0000000)
  eden space 1053184K, 0% used [0x0000000757d80000,0x0000000757d80000,0x0000000798200000)
  from space 104448K, 14% used [0x000000079e500000,0x000000079f418000,0x00000007a4b00000)
  to   space 101376K, 0% used [0x0000000798200000,0x0000000798200000,0x000000079e500000)
 ParOldGen       total 321536K, used 65745K [0x0000000687800000, 0x000000069b200000, 0x0000000757d80000)
  object space 321536K, 20% used [0x0000000687800000,0x000000068b834558,0x000000069b200000)
 Metaspace       used 27017K, capacity 28958K, committed 29184K, reserved 1075200K
  class space    used 3695K, capacity 4044K, committed 4096K, reserved 1048576K
}
Event: 417.693 GC heap before
{Heap before GC invocations=13 (full 2):
 PSYoungGen      total 1157632K, used 1068640K [0x0000000757d80000, 0x00000007b2c80000, 0x00000007c0000000)
  eden space 1053184K, 100% used [0x0000000757d80000,0x0000000798200000,0x0000000798200000)
  from space 104448K, 14% used [0x000000079e500000,0x000000079f418000,0x00000007a4b00000)
  to   space 101376K, 0% used [0x0000000798200000,0x0000000798200000,0x000000079e500000)
 ParOldGen       total 321536K, used 65745K [0x0000000687800000, 0x000000069b200000, 0x0000000757d80000)
  object space 321536K, 20% used [0x0000000687800000,0x000000068b834558,0x000000069b200000)
 Metaspace       used 27378K, capacity 29394K, committed 29440K, reserved 1075200K
  class space    used 3714K, capacity 4090K, committed 4096K, reserved 1048576K
Event: 417.810 GC heap after
Heap after GC invocations=13 (full 2):
 PSYoungGen      total 1154560K, used 27996K [0x0000000757d80000, 0x00000007bd800000, 0x00000007c0000000)
  eden space 1053184K, 0% used [0x0000000757d80000,0x0000000757d80000,0x0000000798200000)
  from space 101376K, 27% used [0x0000000798200000,0x0000000799d573e8,0x000000079e500000)
  to   space 96256K, 0% used [0x00000007b7a00000,0x00000007b7a00000,0x00000007bd800000)
 ParOldGen       total 321536K, used 67527K [0x0000000687800000, 0x000000069b200000, 0x0000000757d80000)
  object space 321536K, 21% used [0x0000000687800000,0x000000068b9f1d98,0x000000069b200000)
 Metaspace       used 27378K, capacity 29394K, committed 29440K, reserved 1075200K
  class space    used 3714K, capacity 4090K, committed 4096K, reserved 1048576K
}

